Arguments: 
  /home/akbarwijaya/.nvm/versions/node/v23.7.0/bin/node /mnt/c/Program Files (x86)/Yarn/bin/yarn.js run deploy:core

PATH: 
  /home/akbarwijaya/miniconda3/bin:/home/akbarwijaya/miniconda3/condabin:/usr/local/sbin:/usr/local/bin:/usr/sbin:/usr/bin:/sbin:/bin:/usr/games:/usr/local/games:/usr/lib/wsl/lib:/mnt/c/Program Files/Common Files/Oracle/Java/javapath:/mnt/c/WINDOWS/system32:/mnt/c/WINDOWS:/mnt/c/WINDOWS/System32/Wbem:/mnt/c/WINDOWS/System32/WindowsPowerShell/v1.0:/mnt/c/WINDOWS/System32/OpenSSH:/mnt/c/Program Files/Docker/Docker/resources/bin:/mnt/c/xampp/mysql/bin:/mnt/c/Program Files/Git/cmd:/mnt/c/Program Files/nodejs:/mnt/c/Program Files (x86)/Yarn/bin:/mnt/c/Users/LENOVO/miniconda3/Scripts:/mnt/c/Program Files/Cloudflare/Cloudflare WARP:/mnt/c/Users/LENOVO/AppData/Local/Microsoft/WindowsApps:/mnt/c/Users/LENOVO/AppData/Local/Programs/Microsoft VS Code/bin:/mnt/c/MinGW/bin:/mnt/c/xampp/mysql/bin:/mnt/c/Users/LENOVO/AppData/Roaming/npm:/mnt/c/Users/LENOVO/AppData/Local/Yarn/bin:/home/akbarwijaya/bin:/home/akbarwijaya/bin:/home/akbarwijaya/.foundry/bin:/home/akbarwijaya/.nvm/versions/node/v23.7.0/bin:/usr/local/bin/ts-node

Yarn version: 
  1.22.19

Node version: 
  23.7.0

Platform: 
  linux x64

Trace: 
  SyntaxError: /home/akbarwijaya/opti-avs/package.json: Expected double-quoted property name in JSON at position 351 (line 9 column 130)
      at JSON.parse (<anonymous>)
      at /mnt/c/Program Files (x86)/Yarn/lib/cli.js:1629:59
      at Generator.next (<anonymous>)
      at step (/mnt/c/Program Files (x86)/Yarn/lib/cli.js:310:30)
      at /mnt/c/Program Files (x86)/Yarn/lib/cli.js:321:13

npm manifest: 
  {
    "name": "optifi-operator",
    "version": "1.0.0",
    "main": "index.js",
    "scripts": {
      "start:operator": "npx ts-node src/index.ts",
      "start:traffic": "ts-node src/createNewTasks.ts",
      "start:anvil": "anvil",
      "deploy:core": "cd contracts && forge script script/DeployEigenLayerCore.s.sol --rpc-url http://localhost:8545 --broadcast", // add verify
      "deploy:optifi": "cd contracts && forge script script/OptiFiDeployer.s.sol --rpc-url http://localhost:8545 --broadcast", //add verify
      "deploy:core-debug": "cd contracts && forge script script/DeployEigenLayerCore.s.sol --rpc-url http://localhost:8545 --broadcast --revert-strings debug",
      "deploy:optifi-debug": "cd contracts && forge script script/OptiFiDeployer.s.sol --rpc-url http://localhost:8545 --broadcast --revert-strings debug",
      "build": "cd contracts && forge build",
      "extract:abis": "node utils/abis.js",
      "test": "NODE_OPTIONS=\"$NODE_OPTIONS --experimental-vm-modules\" npx jest"
    },
    "license": "MIT",
    "dependencies": {
      "@reclaimprotocol/js-sdk": "^1.3.11",
      "@reclaimprotocol/zk-fetch": "0.1.4",
      "@thirdweb-dev/storage": "^2.0.15",
      "@types/node": "^22.8.4",
      "axios": "^1.7.7",
      "dotenv": "^16.4.5",
      "ethers": "^6.13.4",
      "google-auth-library": "^9.14.2",
      "googleapis": "^144.0.0",
      "js-base64": "^3.7.7",
      "ts-node": "^10.9.2",
      "typescript": "^5.6.3",
      "viem": "^2.21.36"
    }
  }

yarn manifest: 
  No manifest

Lockfile: 
  No lockfile
